{"name": "test_c", "status": "failed", "statusDetails": {"message": "AssertionError: assert 1 == 2", "trace": "def test_c():\n>   \tassert 1==2\nE    assert 1 == 2\n\ntest_demo.py:11: AssertionError"}, "start": 1621952176717, "stop": 1621952176718, "uuid": "719e2081-8399-485e-9688-5ebc19bf9635", "historyId": "d82459db6f968fe0fb51608c356fe132", "testCaseId": "6f208577c65e4b4489f42e4ee8110e84", "fullName": "test_demo#test_c", "labels": [{"name": "suite", "value": "test_demo"}, {"name": "host", "value": "MacBook-Pro.local"}, {"name": "thread", "value": "49750-MainThread"}, {"name": "framework", "value": "pytest"}, {"name": "language", "value": "cpython3"}, {"name": "package", "value": "test_demo"}]}