{"name": "test_add[failed]", "status": "failed", "statusDetails": {"message": "AssertionError: assert -0.1 == 0.3\n +  where -0.1 = round(-0.1, 2)", "trace": "self = <testing.test_calc.TestCalc object at 0x7f9c96aaf640>, a = 0.1, b = -0.2, expect = 0.3\n\n    @pytest.mark.parametrize(\n    \t\"a,b,expect\",\n    \tadd_datas,ids=ids\n    )\n    def test_add(self,a,b,expect):\n    \t# 实例化计算器类\n    \t# calc = Calculator()\n    \tresult = self.calc.add(a,b)\n>   \tassert round(result,2) == expect\nE    assert -0.1 == 0.3\nE     +  where -0.1 = round(-0.1, 2)\n\ntest_calc.py:45: AssertionError"}, "attachments": [{"name": "stdout", "source": "d182be88-5e32-4794-9c4b-1ea4bf1105c0-attachment.txt", "type": "text/plain"}], "parameters": [{"name": "a", "value": "0.1"}, {"name": "b", "value": "-0.2"}, {"name": "expect", "value": "0.3"}], "start": 1621952176653, "stop": 1621952176654, "uuid": "442d6615-d9a1-4043-9f17-7eaa943b841d", "historyId": "d058d9372cb89153acc136630a7af16e", "testCaseId": "a7b29b08300809261dc069b49da8543b", "fullName": "test_calc.TestCalc#test_add", "labels": [{"name": "suite", "value": "test_calc"}, {"name": "subSuite", "value": "TestCalc"}, {"name": "host", "value": "MacBook-Pro.local"}, {"name": "thread", "value": "49750-MainThread"}, {"name": "framework", "value": "pytest"}, {"name": "language", "value": "cpython3"}, {"name": "package", "value": "test_calc"}]}