{"name": "test_add[failed]", "status": "failed", "statusDetails": {"message": "AssertionError: assert -0.1 == 0.3\n  +-0.1\n  -0.3", "trace": "self = <testing.test_calc.TestCalc object at 0x7f9de24c5c10>, a = 0.1, b = -0.2, expect = 0.3\n\n    @pytest.mark.parametrize(\n    \t\"a,b,expect\",\n    \tadd_datas,ids=ids\n    )\n    def test_add(self,a,b,expect):\n    \t# 实例化计算器类\n    \t# calc = Calculator()\n    \tresult = self.calc.add(a,b)\n>   \tassert round(result,2) == expect\nE    assert -0.1 == 0.3\nE      +-0.1\nE      -0.3\n\ntest_calc.py:45: AssertionError"}, "parameters": [{"name": "a", "value": "0.1"}, {"name": "b", "value": "-0.2"}, {"name": "expect", "value": "0.3"}], "start": 1629615573730, "stop": 1629615573730, "uuid": "72253e94-e17a-47c0-b1be-9680f4fb5294", "historyId": "d058d9372cb89153acc136630a7af16e", "testCaseId": "a7b29b08300809261dc069b49da8543b", "fullName": "test_calc.TestCalc#test_add", "labels": [{"name": "suite", "value": "test_calc"}, {"name": "subSuite", "value": "TestCalc"}, {"name": "host", "value": "YB~MBP"}, {"name": "thread", "value": "60465-MainThread"}, {"name": "framework", "value": "pytest"}, {"name": "language", "value": "cpython3"}, {"name": "package", "value": "test_calc"}]}